<AdvancedIncidentTriggerDetails xmlns="http://schemas.datacontract.org/2004/07/ControlUp.PowerShell.User.Cmdlets.Triggers.Data.TriggerDetails" xmlns:i="http://www.w3.org/2001/XMLSchema-instance"><Actions xmlns:a="http://schemas.datacontract.org/2004/07/ControlUp.PowerShell.Common.Contract.Triggers.Data"/><CreationTime>2025-02-01T02:43:10.5479787</CreationTime><Description>When a Logical Disk Advanced trigger occurs on a specific scope matching a custom filter</Description><Enabled>true</Enabled><FilterNodes xmlns:a="http://schemas.datacontract.org/2004/07/ControlUp.PowerShell.Common.Contract.Triggers"><a:TriggerFilterNode><a:ChildNodes/><a:ExpressionDescriptor><a:Column>FreeSpacePercentage</a:Column><a:ComparisonOperator>LessThanOrEqual</a:ComparisonOperator><a:IsRegex>false</a:IsRegex><a:Value>40</a:Value></a:ExpressionDescriptor><a:IsNegation>false</a:IsNegation><a:LogicalOperator>And</a:LogicalOperator></a:TriggerFilterNode><a:TriggerFilterNode><a:ChildNodes><a:TriggerFilterNode><a:ChildNodes/><a:ExpressionDescriptor><a:Column>DiskName</a:Column><a:ComparisonOperator>Equal</a:ComparisonOperator><a:IsRegex>false</a:IsRegex><a:Value>C:\</a:Value></a:ExpressionDescriptor><a:IsNegation>false</a:IsNegation><a:LogicalOperator>And</a:LogicalOperator></a:TriggerFilterNode><a:TriggerFilterNode><a:ChildNodes/><a:ExpressionDescriptor><a:Column>DiskName</a:Column><a:ComparisonOperator>Equal</a:ComparisonOperator><a:IsRegex>false</a:IsRegex><a:Value>D:\</a:Value></a:ExpressionDescriptor><a:IsNegation>false</a:IsNegation><a:LogicalOperator>Or</a:LogicalOperator></a:TriggerFilterNode><a:TriggerFilterNode><a:ChildNodes/><a:ExpressionDescriptor><a:Column>DiskName</a:Column><a:ComparisonOperator>Equal</a:ComparisonOperator><a:IsRegex>false</a:IsRegex><a:Value>M:\</a:Value></a:ExpressionDescriptor><a:IsNegation>false</a:IsNegation><a:LogicalOperator>Or</a:LogicalOperator></a:TriggerFilterNode></a:ChildNodes><a:ExpressionDescriptor i:nil="true"/><a:IsNegation>false</a:IsNegation><a:LogicalOperator>And</a:LogicalOperator></a:TriggerFilterNode></FilterNodes><IncidentScheduleId>All days</IncidentScheduleId><IsCommon>false</IsCommon><LastModifiedTime>2025-02-09T14:24:46.247069</LastModifiedTime><MinTimeBetweenIncidents>PT5S</MinTimeBetweenIncidents><Scope xmlns:a="http://schemas.datacontract.org/2004/07/ControlUp.PowerShell.Common.Contract.Triggers.Data"><a:ExcludedFolders xmlns:b="http://schemas.microsoft.com/2003/10/Serialization/Arrays"/><a:IncludedFolders xmlns:b="http://schemas.microsoft.com/2003/10/Serialization/Arrays"><b:string>onlyadmins\</b:string></a:IncludedFolders></Scope><TableName>LogicalDisks</TableName><TriggerId>259460c1-c446-4a7e-89a7-317d8724590f</TriggerId><TriggerName>ValidTrigger</TriggerName><TriggerType>Advanced</TriggerType><AdvancedTriggerSettings xmlns:a="http://schemas.datacontract.org/2004/07/ControlUp.PowerShell.Common.Contract.Triggers.Data"><a:FromFilterNodes xmlns:b="http://schemas.datacontract.org/2004/07/ControlUp.PowerShell.Common.Contract.Triggers"/><a:IncludeComputers>true</a:IncludeComputers><a:TimeUnits>Seconds</a:TimeUnits><a:TriggerStressMdt>PT3S</a:TriggerStressMdt><a:TriggerStressRecordType>LogicalDisk</a:TriggerStressRecordType></AdvancedTriggerSettings></AdvancedIncidentTriggerDetails>