<TriggerFilterResult xmlns="http://schemas.datacontract.org/2004/07/" xmlns:i="http://www.w3.org/2001/XMLSchema-instance"><ArePropertiesObserved>false</ArePropertiesObserved><ChildNodes><TriggerFilterResult><ArePropertiesObserved>false</ArePropertiesObserved><ChildNodes/><Details><ComparisonResult>true</ComparisonResult><ComparisonUsed>-le</ComparisonUsed><Key>b211bf20-0184-495f-a39f-2edf6dabade9</Key><RecordValue i:type="a:decimal" xmlns:a="http://www.w3.org/2001/XMLSchema">35.33</RecordValue></Details><EvaluationResult>true</EvaluationResult><ExpressionDescriptor i:type="a:FilterNodeExpressionDescriptor" xmlns:a="http://schemas.datacontract.org/2004/07/ControlUp.PowerShell.Common.Contract.Triggers"><a:Column>FreeSpacePercentage</a:Column><a:ComparisonOperator>LessThanOrEqual</a:ComparisonOperator><a:IsRegex>false</a:IsRegex><a:Value>40</a:Value></ExpressionDescriptor><IsNegation>false</IsNegation><LogicalOperator>And</LogicalOperator><ScheduleResult>false</ScheduleResult></TriggerFilterResult><TriggerFilterResult><ArePropertiesObserved>false</ArePropertiesObserved><ChildNodes><TriggerFilterResult><ArePropertiesObserved>false</ArePropertiesObserved><ChildNodes/><Details><ComparisonResult>true</ComparisonResult><ComparisonUsed>-eq</ComparisonUsed><Key>b211bf20-0184-495f-a39f-2edf6dabade9</Key><RecordValue i:type="a:string" xmlns:a="http://www.w3.org/2001/XMLSchema">C:\</RecordValue></Details><EvaluationResult>true</EvaluationResult><ExpressionDescriptor i:type="a:FilterNodeExpressionDescriptor" xmlns:a="http://schemas.datacontract.org/2004/07/ControlUp.PowerShell.Common.Contract.Triggers"><a:Column>DiskName</a:Column><a:ComparisonOperator>Equal</a:ComparisonOperator><a:IsRegex>false</a:IsRegex><a:Value>C:\</a:Value></ExpressionDescriptor><IsNegation>false</IsNegation><LogicalOperator>And</LogicalOperator><ScheduleResult>false</ScheduleResult></TriggerFilterResult><TriggerFilterResult><ArePropertiesObserved>false</ArePropertiesObserved><ChildNodes/><Details><ComparisonResult>false</ComparisonResult><ComparisonUsed>-eq</ComparisonUsed><Key>b211bf20-0184-495f-a39f-2edf6dabade9</Key><RecordValue i:type="a:string" xmlns:a="http://www.w3.org/2001/XMLSchema">C:\</RecordValue></Details><EvaluationResult>false</EvaluationResult><ExpressionDescriptor i:type="a:FilterNodeExpressionDescriptor" xmlns:a="http://schemas.datacontract.org/2004/07/ControlUp.PowerShell.Common.Contract.Triggers"><a:Column>DiskName</a:Column><a:ComparisonOperator>Equal</a:ComparisonOperator><a:IsRegex>false</a:IsRegex><a:Value>D:\</a:Value></ExpressionDescriptor><IsNegation>false</IsNegation><LogicalOperator>Or</LogicalOperator><ScheduleResult>false</ScheduleResult></TriggerFilterResult><TriggerFilterResult><ArePropertiesObserved>false</ArePropertiesObserved><ChildNodes/><Details><ComparisonResult>false</ComparisonResult><ComparisonUsed>-eq</ComparisonUsed><Key>b211bf20-0184-495f-a39f-2edf6dabade9</Key><RecordValue i:type="a:string" xmlns:a="http://www.w3.org/2001/XMLSchema">C:\</RecordValue></Details><EvaluationResult>false</EvaluationResult><ExpressionDescriptor i:type="a:FilterNodeExpressionDescriptor" xmlns:a="http://schemas.datacontract.org/2004/07/ControlUp.PowerShell.Common.Contract.Triggers"><a:Column>DiskName</a:Column><a:ComparisonOperator>Equal</a:ComparisonOperator><a:IsRegex>false</a:IsRegex><a:Value>M:\</a:Value></ExpressionDescriptor><IsNegation>false</IsNegation><LogicalOperator>Or</LogicalOperator><ScheduleResult>false</ScheduleResult></TriggerFilterResult></ChildNodes><Details i:nil="true"/><EvaluationResult>true</EvaluationResult><ExpressionDescriptor i:nil="true"/><IsNegation>false</IsNegation><LogicalOperator>And</LogicalOperator><ScheduleResult>false</ScheduleResult></TriggerFilterResult></ChildNodes><Details i:nil="true"/><EvaluationResult>true</EvaluationResult><ExpressionDescriptor i:nil="true"/><IsNegation>false</IsNegation><LogicalOperator>And</LogicalOperator><ScheduleResult>false</ScheduleResult></TriggerFilterResult>